<?xml version="1.0" encoding="UTF-8"?>
<!-- Generated by org.testng.reporters.JUnitXMLReporter -->
<testsuite hostname="hp-PC" ignored="0" name="Test" tests="4" failures="0" timestamp="2020-05-26T22:32:37 IST" time="0.137" errors="0">
  <testcase name="iOSApps" time="0.018" classname="qaclickacademy.AppiumTest"/>
  <testcase name="nativeAppAndroid" time="0.001" classname="qaclickacademy.AppiumTest"/>
  <testcase name="Browser_Automation" time="0.001" classname="qaclickacademy.SeleniumTest"/>
  <testcase name="Elements_UI_Automation" time="0.0" classname="qaclickacademy.SeleniumTest"/>
</testsuite> <!-- Test -->
