<?xml version="1.0" encoding="UTF-8"?>
<testng-results skipped="0" failed="0" ignored="0" total="4" passed="4">
  <reporter-output>
  </reporter-output>
  <suite name="Suite" duration-ms="137" started-at="2020-05-26T22:32:37 IST" finished-at="2020-05-26T22:32:37 IST">
    <groups>
    </groups>
    <test name="Test" duration-ms="137" started-at="2020-05-26T22:32:37 IST" finished-at="2020-05-26T22:32:37 IST">
      <class name="qaclickacademy.AppiumTest">
        <test-method status="PASS" signature="iOSApps()[pri:0, instance:qaclickacademy.AppiumTest@398b7c]" name="iOSApps" duration-ms="18" started-at="2020-05-26T22:32:37 IST" finished-at="2020-05-26T22:32:37 IST">
          <reporter-output>
          </reporter-output>
        </test-method> <!-- iOSApps -->
        <test-method status="PASS" signature="nativeAppAndroid()[pri:0, instance:qaclickacademy.AppiumTest@398b7c]" name="nativeAppAndroid" duration-ms="1" started-at="2020-05-26T22:32:37 IST" finished-at="2020-05-26T22:32:37 IST">
          <reporter-output>
          </reporter-output>
        </test-method> <!-- nativeAppAndroid -->
      </class> <!-- qaclickacademy.AppiumTest -->
      <class name="qaclickacademy.SeleniumTest">
        <test-method status="PASS" signature="Browser_Automation()[pri:0, instance:qaclickacademy.SeleniumTest@1c6f14e]" name="Browser_Automation" duration-ms="1" started-at="2020-05-26T22:32:37 IST" finished-at="2020-05-26T22:32:37 IST">
          <reporter-output>
          </reporter-output>
        </test-method> <!-- Browser_Automation -->
        <test-method status="PASS" signature="Elements_UI_Automation()[pri:0, instance:qaclickacademy.SeleniumTest@1c6f14e]" name="Elements_UI_Automation" duration-ms="0" started-at="2020-05-26T22:32:37 IST" finished-at="2020-05-26T22:32:37 IST">
          <reporter-output>
          </reporter-output>
        </test-method> <!-- Elements_UI_Automation -->
      </class> <!-- qaclickacademy.SeleniumTest -->
    </test> <!-- Test -->
  </suite> <!-- Suite -->
</testng-results>
